Build started 05/04/2020 11:36:47 PM.
     1>Project "D:\FAST\Semester 02\OOP\Assignments\CS217-OOP-Assignments\Assignment 03\Assignment 03\Assignment 03.vcxproj" on node 2 (Build target(s)).
     1>ClCompile:
         C:\Program Files (x86)\Microsoft Visual Studio 11.0\VC\bin\CL.exe /c /ZI /nologo /W3 /WX- /Od /Oy- /D WIN32 /D _DEBUG /D _CONSOLE /D _UNICODE /D UNICODE /Gm /EHsc /RTC1 /MDd /GS /fp:precise /Zc:wchar_t /Zc:forScope /Fo"Debug\\" /Fd"Debug\vc110.pdb" /Gd /TP /analyze- /errorReport:prompt HugeInt.cpp driver.cpp
         HugeInt.cpp
     1>d:\fast\semester 02\oop\assignments\cs217-oop-assignments\assignment 03\assignment 03\hugeint.cpp(491): warning C4258: 'colInd' : definition from the for loop is ignored; the definition from the enclosing scope is used
                 d:\fast\semester 02\oop\assignments\cs217-oop-assignments\assignment 03\assignment 03\hugeint.cpp(464) : definition of 'colInd' ignored
                 d:\fast\semester 02\oop\assignments\cs217-oop-assignments\assignment 03\assignment 03\hugeint.cpp(445) : definition of 'colInd' used
     1>d:\fast\semester 02\oop\assignments\cs217-oop-assignments\assignment 03\assignment 03\hugeint.cpp(693): warning C4258: 'colInd' : definition from the for loop is ignored; the definition from the enclosing scope is used
                 d:\fast\semester 02\oop\assignments\cs217-oop-assignments\assignment 03\assignment 03\hugeint.cpp(666) : definition of 'colInd' ignored
                 d:\fast\semester 02\oop\assignments\cs217-oop-assignments\assignment 03\assignment 03\hugeint.cpp(647) : definition of 'colInd' used
         Generating Code...
         Skipping... (no relevant changes detected)
         driver.cpp
       Link:
         C:\Program Files (x86)\Microsoft Visual Studio 11.0\VC\bin\link.exe /ERRORREPORT:PROMPT /OUT:"D:\FAST\Semester 02\OOP\Assignments\CS217-OOP-Assignments\Assignment 03\Debug\Assignment 03.exe" /INCREMENTAL /NOLOGO kernel32.lib user32.lib gdi32.lib winspool.lib comdlg32.lib advapi32.lib shell32.lib ole32.lib oleaut32.lib uuid.lib odbc32.lib odbccp32.lib /MANIFEST /MANIFESTUAC:"level='asInvoker' uiAccess='false'" /manifest:embed /DEBUG /PDB:"D:\FAST\Semester 02\OOP\Assignments\CS217-OOP-Assignments\Assignment 03\Debug\Assignment 03.pdb" /SUBSYSTEM:CONSOLE /TLBID:1 /DYNAMICBASE /NXCOMPAT /IMPLIB:"D:\FAST\Semester 02\OOP\Assignments\CS217-OOP-Assignments\Assignment 03\Debug\Assignment 03.lib" /MACHINE:X86 Debug\driver.obj
         Debug\HugeInt.obj
         Debug\MyString.obj
         Assignment 03.vcxproj -> D:\FAST\Semester 02\OOP\Assignments\CS217-OOP-Assignments\Assignment 03\Debug\Assignment 03.exe
     1>Done Building Project "D:\FAST\Semester 02\OOP\Assignments\CS217-OOP-Assignments\Assignment 03\Assignment 03\Assignment 03.vcxproj" (Build target(s)).

Build succeeded.

Time Elapsed 00:00:01.35
