D:\FAST\SEMESTER 02\OOP\ASSIGNMENTS\CS217-OOP-ASSIGNMENTS\HUGEINT\HUGEINT\DEBUG\DRIVER.OBJ
D:\FAST\SEMESTER 02\OOP\ASSIGNMENTS\CS217-OOP-ASSIGNMENTS\HUGEINT\HUGEINT\DEBUG\HUGEINT.OBJ
D:\FAST\SEMESTER 02\OOP\ASSIGNMENTS\CS217-OOP-ASSIGNMENTS\HUGEINT\HUGEINT\DEBUG\VC110.PDB
D:\FAST\SEMESTER 02\OOP\ASSIGNMENTS\CS217-OOP-ASSIGNMENTS\HUGEINT\DEBUG\HUGEINT.ILK
D:\FAST\SEMESTER 02\OOP\ASSIGNMENTS\CS217-OOP-ASSIGNMENTS\HUGEINT\DEBUG\HUGEINT.EXE
D:\FAST\SEMESTER 02\OOP\ASSIGNMENTS\CS217-OOP-ASSIGNMENTS\HUGEINT\DEBUG\HUGEINT.PDB
D:\FAST\Semester 02\OOP\Assignments\CS217-OOP-Assignments\HugeInt\HugeInt\Debug\driver.obj
D:\FAST\Semester 02\OOP\Assignments\CS217-OOP-Assignments\HugeInt\HugeInt\Debug\HugeInt.obj
D:\FAST\Semester 02\OOP\Assignments\CS217-OOP-Assignments\HugeInt\HugeInt\Debug\cl.command.1.tlog
D:\FAST\Semester 02\OOP\Assignments\CS217-OOP-Assignments\HugeInt\HugeInt\Debug\CL.read.1.tlog
D:\FAST\Semester 02\OOP\Assignments\CS217-OOP-Assignments\HugeInt\HugeInt\Debug\CL.write.1.tlog
D:\FAST\Semester 02\OOP\Assignments\CS217-OOP-Assignments\HugeInt\HugeInt\Debug\link-cvtres.read.1.tlog
D:\FAST\Semester 02\OOP\Assignments\CS217-OOP-Assignments\HugeInt\HugeInt\Debug\link-cvtres.write.1.tlog
D:\FAST\Semester 02\OOP\Assignments\CS217-OOP-Assignments\HugeInt\HugeInt\Debug\link-rc.read.1.tlog
D:\FAST\Semester 02\OOP\Assignments\CS217-OOP-Assignments\HugeInt\HugeInt\Debug\link-rc.write.1.tlog
D:\FAST\Semester 02\OOP\Assignments\CS217-OOP-Assignments\HugeInt\HugeInt\Debug\link.command.1.tlog
D:\FAST\Semester 02\OOP\Assignments\CS217-OOP-Assignments\HugeInt\HugeInt\Debug\link.read.1.tlog
D:\FAST\Semester 02\OOP\Assignments\CS217-OOP-Assignments\HugeInt\HugeInt\Debug\link.write.1.tlog
D:\FAST\Semester 02\OOP\Assignments\CS217-OOP-Assignments\HugeInt\HugeInt\Debug\vc110.idb
D:\FAST\Semester 02\OOP\Assignments\CS217-OOP-Assignments\HugeInt\HugeInt\Debug\vc110.pdb
D:\FAST\Semester 02\OOP\Assignments\CS217-OOP-Assignments\HugeInt\Debug\HugeInt.pdb
D:\FAST\Semester 02\OOP\Assignments\CS217-OOP-Assignments\HugeInt\Debug\HugeInt.exe
D:\FAST\Semester 02\OOP\Assignments\CS217-OOP-Assignments\HugeInt\Debug\HugeInt.ilk
