Build started 01/05/2020 8:24:32 PM.
     1>Project "D:\FAST\Semester 02\OOP\Assignments\CS217-OOP-Assignments\Assignment 04\Assignment 04\Assignment 04.vcxproj" on node 2 (Build target(s)).
     1>ClCompile:
         C:\Program Files (x86)\Microsoft Visual Studio 11.0\VC\bin\CL.exe /c /ZI /nologo /W3 /WX- /Od /Oy- /D WIN32 /D _DEBUG /D _CONSOLE /D _UNICODE /D UNICODE /Gm /EHsc /RTC1 /MDd /GS /fp:precise /Zc:wchar_t /Zc:forScope /Fo"Debug\\" /Fd"Debug\vc110.pdb" /Gd /TP /analyze- /errorReport:prompt Clinic.cpp
         Clinic.cpp
     1>d:\fast\semester 02\oop\assignments\cs217-oop-assignments\assignment 04\assignment 04\clinic.cpp(96): warning C4244: 'argument' : conversion from 'double' to 'float', possible loss of data
     1>d:\fast\semester 02\oop\assignments\cs217-oop-assignments\assignment 04\assignment 04\clinic.cpp(100): warning C4800: 'int' : forcing value to bool 'true' or 'false' (performance warning)
     1>d:\fast\semester 02\oop\assignments\cs217-oop-assignments\assignment 04\assignment 04\clinic.cpp(229): warning C4800: 'int' : forcing value to bool 'true' or 'false' (performance warning)
       Link:
         C:\Program Files (x86)\Microsoft Visual Studio 11.0\VC\bin\link.exe /ERRORREPORT:PROMPT /OUT:"D:\FAST\Semester 02\OOP\Assignments\CS217-OOP-Assignments\Assignment 04\Debug\Assignment 04.exe" /INCREMENTAL /NOLOGO kernel32.lib user32.lib gdi32.lib winspool.lib comdlg32.lib advapi32.lib shell32.lib ole32.lib oleaut32.lib uuid.lib odbc32.lib odbccp32.lib /MANIFEST /MANIFESTUAC:"level='asInvoker' uiAccess='false'" /manifest:embed /DEBUG /PDB:"D:\FAST\Semester 02\OOP\Assignments\CS217-OOP-Assignments\Assignment 04\Debug\Assignment 04.pdb" /SUBSYSTEM:CONSOLE /TLBID:1 /DYNAMICBASE /NXCOMPAT /IMPLIB:"D:\FAST\Semester 02\OOP\Assignments\CS217-OOP-Assignments\Assignment 04\Debug\Assignment 04.lib" /MACHINE:X86 Debug\Appointment.obj
         Debug\Clinic.obj
         Debug\Date.obj
         Debug\Doctor.obj
         Debug\driver.obj
         Debug\mTime.obj
         Debug\Name.obj
         Debug\Patient.obj
         Debug\Person.obj
         Debug\pRecord.obj
         Assignment 04.vcxproj -> D:\FAST\Semester 02\OOP\Assignments\CS217-OOP-Assignments\Assignment 04\Debug\Assignment 04.exe
     1>Done Building Project "D:\FAST\Semester 02\OOP\Assignments\CS217-OOP-Assignments\Assignment 04\Assignment 04\Assignment 04.vcxproj" (Build target(s)).

Build succeeded.

Time Elapsed 00:00:02.56
