D:\FAST\SEMESTER 02\OOP\ASSIGNMENTS\CS217-OOP-ASSIGNMENTS\ASSIGNMENT 04\ASSIGNMENT 04\DEBUG\DRIVER.OBJ
D:\FAST\SEMESTER 02\OOP\ASSIGNMENTS\CS217-OOP-ASSIGNMENTS\ASSIGNMENT 04\ASSIGNMENT 04\DEBUG\NAME.OBJ
D:\FAST\SEMESTER 02\OOP\ASSIGNMENTS\CS217-OOP-ASSIGNMENTS\ASSIGNMENT 04\ASSIGNMENT 04\DEBUG\VC110.PDB
D:\FAST\SEMESTER 02\OOP\ASSIGNMENTS\CS217-OOP-ASSIGNMENTS\ASSIGNMENT 04\ASSIGNMENT 04\DEBUG\DATE.OBJ
D:\FAST\SEMESTER 02\OOP\ASSIGNMENTS\CS217-OOP-ASSIGNMENTS\ASSIGNMENT 04\ASSIGNMENT 04\DEBUG\MTIME.OBJ
D:\FAST\SEMESTER 02\OOP\ASSIGNMENTS\CS217-OOP-ASSIGNMENTS\ASSIGNMENT 04\ASSIGNMENT 04\DEBUG\PERSON.OBJ
D:\FAST\SEMESTER 02\OOP\ASSIGNMENTS\CS217-OOP-ASSIGNMENTS\ASSIGNMENT 04\ASSIGNMENT 04\DEBUG\PATIENT.OBJ
D:\FAST\SEMESTER 02\OOP\ASSIGNMENTS\CS217-OOP-ASSIGNMENTS\ASSIGNMENT 04\ASSIGNMENT 04\DEBUG\PRECORD.OBJ
D:\FAST\SEMESTER 02\OOP\ASSIGNMENTS\CS217-OOP-ASSIGNMENTS\ASSIGNMENT 04\ASSIGNMENT 04\DEBUG\DOCTOR.OBJ
D:\FAST\SEMESTER 02\OOP\ASSIGNMENTS\CS217-OOP-ASSIGNMENTS\ASSIGNMENT 04\ASSIGNMENT 04\DEBUG\APPOINTMENT.OBJ
D:\FAST\SEMESTER 02\OOP\ASSIGNMENTS\CS217-OOP-ASSIGNMENTS\ASSIGNMENT 04\ASSIGNMENT 04\DEBUG\CLINIC.OBJ
D:\FAST\SEMESTER 02\OOP\ASSIGNMENTS\CS217-OOP-ASSIGNMENTS\ASSIGNMENT 04\DEBUG\ASSIGNMENT 04.ILK
D:\FAST\SEMESTER 02\OOP\ASSIGNMENTS\CS217-OOP-ASSIGNMENTS\ASSIGNMENT 04\DEBUG\ASSIGNMENT 04.EXE
D:\FAST\SEMESTER 02\OOP\ASSIGNMENTS\CS217-OOP-ASSIGNMENTS\ASSIGNMENT 04\DEBUG\ASSIGNMENT 04.PDB
D:\FAST\Semester 02\OOP\Assignments\CS217-OOP-Assignments\Assignment 04\Assignment 04\Debug\Appointment.obj
D:\FAST\Semester 02\OOP\Assignments\CS217-OOP-Assignments\Assignment 04\Assignment 04\Debug\Clinic.obj
D:\FAST\Semester 02\OOP\Assignments\CS217-OOP-Assignments\Assignment 04\Assignment 04\Debug\Date.obj
D:\FAST\Semester 02\OOP\Assignments\CS217-OOP-Assignments\Assignment 04\Assignment 04\Debug\Doctor.obj
D:\FAST\Semester 02\OOP\Assignments\CS217-OOP-Assignments\Assignment 04\Assignment 04\Debug\driver.obj
D:\FAST\Semester 02\OOP\Assignments\CS217-OOP-Assignments\Assignment 04\Assignment 04\Debug\mTime.obj
D:\FAST\Semester 02\OOP\Assignments\CS217-OOP-Assignments\Assignment 04\Assignment 04\Debug\Name.obj
D:\FAST\Semester 02\OOP\Assignments\CS217-OOP-Assignments\Assignment 04\Assignment 04\Debug\Patient.obj
D:\FAST\Semester 02\OOP\Assignments\CS217-OOP-Assignments\Assignment 04\Assignment 04\Debug\Person.obj
D:\FAST\Semester 02\OOP\Assignments\CS217-OOP-Assignments\Assignment 04\Assignment 04\Debug\pRecord.obj
D:\FAST\Semester 02\OOP\Assignments\CS217-OOP-Assignments\Assignment 04\Assignment 04\Debug\cl.command.1.tlog
D:\FAST\Semester 02\OOP\Assignments\CS217-OOP-Assignments\Assignment 04\Assignment 04\Debug\CL.read.1.tlog
D:\FAST\Semester 02\OOP\Assignments\CS217-OOP-Assignments\Assignment 04\Assignment 04\Debug\CL.write.1.tlog
D:\FAST\Semester 02\OOP\Assignments\CS217-OOP-Assignments\Assignment 04\Assignment 04\Debug\link-cvtres.read.1.tlog
D:\FAST\Semester 02\OOP\Assignments\CS217-OOP-Assignments\Assignment 04\Assignment 04\Debug\link-cvtres.write.1.tlog
D:\FAST\Semester 02\OOP\Assignments\CS217-OOP-Assignments\Assignment 04\Assignment 04\Debug\link-rc.read.1.tlog
D:\FAST\Semester 02\OOP\Assignments\CS217-OOP-Assignments\Assignment 04\Assignment 04\Debug\link-rc.write.1.tlog
D:\FAST\Semester 02\OOP\Assignments\CS217-OOP-Assignments\Assignment 04\Assignment 04\Debug\link.12548-cvtres.read.1.tlog
D:\FAST\Semester 02\OOP\Assignments\CS217-OOP-Assignments\Assignment 04\Assignment 04\Debug\link.12548-cvtres.write.1.tlog
D:\FAST\Semester 02\OOP\Assignments\CS217-OOP-Assignments\Assignment 04\Assignment 04\Debug\link.12548-rc.read.1.tlog
D:\FAST\Semester 02\OOP\Assignments\CS217-OOP-Assignments\Assignment 04\Assignment 04\Debug\link.12548-rc.write.1.tlog
D:\FAST\Semester 02\OOP\Assignments\CS217-OOP-Assignments\Assignment 04\Assignment 04\Debug\link.12548.read.1.tlog
D:\FAST\Semester 02\OOP\Assignments\CS217-OOP-Assignments\Assignment 04\Assignment 04\Debug\link.12548.write.1.tlog
D:\FAST\Semester 02\OOP\Assignments\CS217-OOP-Assignments\Assignment 04\Assignment 04\Debug\link.13424-cvtres.read.1.tlog
D:\FAST\Semester 02\OOP\Assignments\CS217-OOP-Assignments\Assignment 04\Assignment 04\Debug\link.13424-cvtres.write.1.tlog
D:\FAST\Semester 02\OOP\Assignments\CS217-OOP-Assignments\Assignment 04\Assignment 04\Debug\link.13424-rc.read.1.tlog
D:\FAST\Semester 02\OOP\Assignments\CS217-OOP-Assignments\Assignment 04\Assignment 04\Debug\link.13424-rc.write.1.tlog
D:\FAST\Semester 02\OOP\Assignments\CS217-OOP-Assignments\Assignment 04\Assignment 04\Debug\link.13424.read.1.tlog
D:\FAST\Semester 02\OOP\Assignments\CS217-OOP-Assignments\Assignment 04\Assignment 04\Debug\link.13424.write.1.tlog
D:\FAST\Semester 02\OOP\Assignments\CS217-OOP-Assignments\Assignment 04\Assignment 04\Debug\link.13948-cvtres.read.1.tlog
D:\FAST\Semester 02\OOP\Assignments\CS217-OOP-Assignments\Assignment 04\Assignment 04\Debug\link.13948-cvtres.write.1.tlog
D:\FAST\Semester 02\OOP\Assignments\CS217-OOP-Assignments\Assignment 04\Assignment 04\Debug\link.13948-rc.read.1.tlog
D:\FAST\Semester 02\OOP\Assignments\CS217-OOP-Assignments\Assignment 04\Assignment 04\Debug\link.13948-rc.write.1.tlog
D:\FAST\Semester 02\OOP\Assignments\CS217-OOP-Assignments\Assignment 04\Assignment 04\Debug\link.13948.read.1.tlog
D:\FAST\Semester 02\OOP\Assignments\CS217-OOP-Assignments\Assignment 04\Assignment 04\Debug\link.13948.write.1.tlog
D:\FAST\Semester 02\OOP\Assignments\CS217-OOP-Assignments\Assignment 04\Assignment 04\Debug\link.14192-cvtres.read.1.tlog
D:\FAST\Semester 02\OOP\Assignments\CS217-OOP-Assignments\Assignment 04\Assignment 04\Debug\link.14192-cvtres.write.1.tlog
D:\FAST\Semester 02\OOP\Assignments\CS217-OOP-Assignments\Assignment 04\Assignment 04\Debug\link.14192-rc.read.1.tlog
D:\FAST\Semester 02\OOP\Assignments\CS217-OOP-Assignments\Assignment 04\Assignment 04\Debug\link.14192-rc.write.1.tlog
D:\FAST\Semester 02\OOP\Assignments\CS217-OOP-Assignments\Assignment 04\Assignment 04\Debug\link.14192.read.1.tlog
D:\FAST\Semester 02\OOP\Assignments\CS217-OOP-Assignments\Assignment 04\Assignment 04\Debug\link.14192.write.1.tlog
D:\FAST\Semester 02\OOP\Assignments\CS217-OOP-Assignments\Assignment 04\Assignment 04\Debug\link.14304-cvtres.read.1.tlog
D:\FAST\Semester 02\OOP\Assignments\CS217-OOP-Assignments\Assignment 04\Assignment 04\Debug\link.14304-cvtres.write.1.tlog
D:\FAST\Semester 02\OOP\Assignments\CS217-OOP-Assignments\Assignment 04\Assignment 04\Debug\link.14304-rc.read.1.tlog
D:\FAST\Semester 02\OOP\Assignments\CS217-OOP-Assignments\Assignment 04\Assignment 04\Debug\link.14304-rc.write.1.tlog
D:\FAST\Semester 02\OOP\Assignments\CS217-OOP-Assignments\Assignment 04\Assignment 04\Debug\link.14304.read.1.tlog
D:\FAST\Semester 02\OOP\Assignments\CS217-OOP-Assignments\Assignment 04\Assignment 04\Debug\link.14304.write.1.tlog
D:\FAST\Semester 02\OOP\Assignments\CS217-OOP-Assignments\Assignment 04\Assignment 04\Debug\link.1812-cvtres.read.1.tlog
D:\FAST\Semester 02\OOP\Assignments\CS217-OOP-Assignments\Assignment 04\Assignment 04\Debug\link.1812-cvtres.write.1.tlog
D:\FAST\Semester 02\OOP\Assignments\CS217-OOP-Assignments\Assignment 04\Assignment 04\Debug\link.1812-rc.read.1.tlog
D:\FAST\Semester 02\OOP\Assignments\CS217-OOP-Assignments\Assignment 04\Assignment 04\Debug\link.1812-rc.write.1.tlog
D:\FAST\Semester 02\OOP\Assignments\CS217-OOP-Assignments\Assignment 04\Assignment 04\Debug\link.1812.read.1.tlog
D:\FAST\Semester 02\OOP\Assignments\CS217-OOP-Assignments\Assignment 04\Assignment 04\Debug\link.1812.write.1.tlog
D:\FAST\Semester 02\OOP\Assignments\CS217-OOP-Assignments\Assignment 04\Assignment 04\Debug\link.2344-cvtres.read.1.tlog
D:\FAST\Semester 02\OOP\Assignments\CS217-OOP-Assignments\Assignment 04\Assignment 04\Debug\link.2344-cvtres.write.1.tlog
D:\FAST\Semester 02\OOP\Assignments\CS217-OOP-Assignments\Assignment 04\Assignment 04\Debug\link.2344-rc.read.1.tlog
D:\FAST\Semester 02\OOP\Assignments\CS217-OOP-Assignments\Assignment 04\Assignment 04\Debug\link.2344-rc.write.1.tlog
D:\FAST\Semester 02\OOP\Assignments\CS217-OOP-Assignments\Assignment 04\Assignment 04\Debug\link.2344.read.1.tlog
D:\FAST\Semester 02\OOP\Assignments\CS217-OOP-Assignments\Assignment 04\Assignment 04\Debug\link.2344.write.1.tlog
D:\FAST\Semester 02\OOP\Assignments\CS217-OOP-Assignments\Assignment 04\Assignment 04\Debug\link.2700-cvtres.read.1.tlog
D:\FAST\Semester 02\OOP\Assignments\CS217-OOP-Assignments\Assignment 04\Assignment 04\Debug\link.2700-cvtres.write.1.tlog
D:\FAST\Semester 02\OOP\Assignments\CS217-OOP-Assignments\Assignment 04\Assignment 04\Debug\link.2700-rc.read.1.tlog
D:\FAST\Semester 02\OOP\Assignments\CS217-OOP-Assignments\Assignment 04\Assignment 04\Debug\link.2700-rc.write.1.tlog
D:\FAST\Semester 02\OOP\Assignments\CS217-OOP-Assignments\Assignment 04\Assignment 04\Debug\link.2700.read.1.tlog
D:\FAST\Semester 02\OOP\Assignments\CS217-OOP-Assignments\Assignment 04\Assignment 04\Debug\link.2700.write.1.tlog
D:\FAST\Semester 02\OOP\Assignments\CS217-OOP-Assignments\Assignment 04\Assignment 04\Debug\link.4156-cvtres.read.1.tlog
D:\FAST\Semester 02\OOP\Assignments\CS217-OOP-Assignments\Assignment 04\Assignment 04\Debug\link.4156-cvtres.write.1.tlog
D:\FAST\Semester 02\OOP\Assignments\CS217-OOP-Assignments\Assignment 04\Assignment 04\Debug\link.4156-rc.read.1.tlog
D:\FAST\Semester 02\OOP\Assignments\CS217-OOP-Assignments\Assignment 04\Assignment 04\Debug\link.4156-rc.write.1.tlog
D:\FAST\Semester 02\OOP\Assignments\CS217-OOP-Assignments\Assignment 04\Assignment 04\Debug\link.4156.read.1.tlog
D:\FAST\Semester 02\OOP\Assignments\CS217-OOP-Assignments\Assignment 04\Assignment 04\Debug\link.4156.write.1.tlog
D:\FAST\Semester 02\OOP\Assignments\CS217-OOP-Assignments\Assignment 04\Assignment 04\Debug\link.4876-cvtres.read.1.tlog
D:\FAST\Semester 02\OOP\Assignments\CS217-OOP-Assignments\Assignment 04\Assignment 04\Debug\link.4876-cvtres.write.1.tlog
D:\FAST\Semester 02\OOP\Assignments\CS217-OOP-Assignments\Assignment 04\Assignment 04\Debug\link.4876-rc.read.1.tlog
D:\FAST\Semester 02\OOP\Assignments\CS217-OOP-Assignments\Assignment 04\Assignment 04\Debug\link.4876-rc.write.1.tlog
D:\FAST\Semester 02\OOP\Assignments\CS217-OOP-Assignments\Assignment 04\Assignment 04\Debug\link.4876.read.1.tlog
D:\FAST\Semester 02\OOP\Assignments\CS217-OOP-Assignments\Assignment 04\Assignment 04\Debug\link.4876.write.1.tlog
D:\FAST\Semester 02\OOP\Assignments\CS217-OOP-Assignments\Assignment 04\Assignment 04\Debug\link.5136-cvtres.read.1.tlog
D:\FAST\Semester 02\OOP\Assignments\CS217-OOP-Assignments\Assignment 04\Assignment 04\Debug\link.5136-cvtres.write.1.tlog
D:\FAST\Semester 02\OOP\Assignments\CS217-OOP-Assignments\Assignment 04\Assignment 04\Debug\link.5136-rc.read.1.tlog
D:\FAST\Semester 02\OOP\Assignments\CS217-OOP-Assignments\Assignment 04\Assignment 04\Debug\link.5136-rc.write.1.tlog
D:\FAST\Semester 02\OOP\Assignments\CS217-OOP-Assignments\Assignment 04\Assignment 04\Debug\link.5136.read.1.tlog
D:\FAST\Semester 02\OOP\Assignments\CS217-OOP-Assignments\Assignment 04\Assignment 04\Debug\link.5136.write.1.tlog
D:\FAST\Semester 02\OOP\Assignments\CS217-OOP-Assignments\Assignment 04\Assignment 04\Debug\link.7648-cvtres.read.1.tlog
D:\FAST\Semester 02\OOP\Assignments\CS217-OOP-Assignments\Assignment 04\Assignment 04\Debug\link.7648-cvtres.write.1.tlog
D:\FAST\Semester 02\OOP\Assignments\CS217-OOP-Assignments\Assignment 04\Assignment 04\Debug\link.7648-rc.read.1.tlog
D:\FAST\Semester 02\OOP\Assignments\CS217-OOP-Assignments\Assignment 04\Assignment 04\Debug\link.7648-rc.write.1.tlog
D:\FAST\Semester 02\OOP\Assignments\CS217-OOP-Assignments\Assignment 04\Assignment 04\Debug\link.7648.read.1.tlog
D:\FAST\Semester 02\OOP\Assignments\CS217-OOP-Assignments\Assignment 04\Assignment 04\Debug\link.7648.write.1.tlog
D:\FAST\Semester 02\OOP\Assignments\CS217-OOP-Assignments\Assignment 04\Assignment 04\Debug\link.8912-cvtres.read.1.tlog
D:\FAST\Semester 02\OOP\Assignments\CS217-OOP-Assignments\Assignment 04\Assignment 04\Debug\link.8912-cvtres.write.1.tlog
D:\FAST\Semester 02\OOP\Assignments\CS217-OOP-Assignments\Assignment 04\Assignment 04\Debug\link.8912-rc.read.1.tlog
D:\FAST\Semester 02\OOP\Assignments\CS217-OOP-Assignments\Assignment 04\Assignment 04\Debug\link.8912-rc.write.1.tlog
D:\FAST\Semester 02\OOP\Assignments\CS217-OOP-Assignments\Assignment 04\Assignment 04\Debug\link.8912.read.1.tlog
D:\FAST\Semester 02\OOP\Assignments\CS217-OOP-Assignments\Assignment 04\Assignment 04\Debug\link.8912.write.1.tlog
D:\FAST\Semester 02\OOP\Assignments\CS217-OOP-Assignments\Assignment 04\Assignment 04\Debug\link.8932-cvtres.read.1.tlog
D:\FAST\Semester 02\OOP\Assignments\CS217-OOP-Assignments\Assignment 04\Assignment 04\Debug\link.8932-cvtres.write.1.tlog
D:\FAST\Semester 02\OOP\Assignments\CS217-OOP-Assignments\Assignment 04\Assignment 04\Debug\link.8932-rc.read.1.tlog
D:\FAST\Semester 02\OOP\Assignments\CS217-OOP-Assignments\Assignment 04\Assignment 04\Debug\link.8932-rc.write.1.tlog
D:\FAST\Semester 02\OOP\Assignments\CS217-OOP-Assignments\Assignment 04\Assignment 04\Debug\link.8932.read.1.tlog
D:\FAST\Semester 02\OOP\Assignments\CS217-OOP-Assignments\Assignment 04\Assignment 04\Debug\link.8932.write.1.tlog
D:\FAST\Semester 02\OOP\Assignments\CS217-OOP-Assignments\Assignment 04\Assignment 04\Debug\link.9768-cvtres.read.1.tlog
D:\FAST\Semester 02\OOP\Assignments\CS217-OOP-Assignments\Assignment 04\Assignment 04\Debug\link.9768-cvtres.write.1.tlog
D:\FAST\Semester 02\OOP\Assignments\CS217-OOP-Assignments\Assignment 04\Assignment 04\Debug\link.9768-rc.read.1.tlog
D:\FAST\Semester 02\OOP\Assignments\CS217-OOP-Assignments\Assignment 04\Assignment 04\Debug\link.9768-rc.write.1.tlog
D:\FAST\Semester 02\OOP\Assignments\CS217-OOP-Assignments\Assignment 04\Assignment 04\Debug\link.9768.read.1.tlog
D:\FAST\Semester 02\OOP\Assignments\CS217-OOP-Assignments\Assignment 04\Assignment 04\Debug\link.9768.write.1.tlog
D:\FAST\Semester 02\OOP\Assignments\CS217-OOP-Assignments\Assignment 04\Assignment 04\Debug\link.command.1.tlog
D:\FAST\Semester 02\OOP\Assignments\CS217-OOP-Assignments\Assignment 04\Assignment 04\Debug\link.read.1.tlog
D:\FAST\Semester 02\OOP\Assignments\CS217-OOP-Assignments\Assignment 04\Assignment 04\Debug\link.write.1.tlog
D:\FAST\Semester 02\OOP\Assignments\CS217-OOP-Assignments\Assignment 04\Assignment 04\Debug\vc110.idb
D:\FAST\Semester 02\OOP\Assignments\CS217-OOP-Assignments\Assignment 04\Assignment 04\Debug\vc110.pdb
D:\FAST\Semester 02\OOP\Assignments\CS217-OOP-Assignments\Assignment 04\Debug\Assignment 04.pdb
D:\FAST\Semester 02\OOP\Assignments\CS217-OOP-Assignments\Assignment 04\Debug\Assignment 04.exe
D:\FAST\Semester 02\OOP\Assignments\CS217-OOP-Assignments\Assignment 04\Debug\Assignment 04.ilk
